<?xml version="1.0" encoding="UTF-8"?>
<!-- Generated by org.testng.reporters.JUnitReportReporter -->
<testsuite hostname="Mac-mini-5.local" failures="0" tests="2" name="qaclickacademy.Mavenjava.AppiumTest" time="0.007" errors="0" timestamp="2022-01-30T21:13:31 NZDT" skipped="0">
  <testcase classname="qaclickacademy.Mavenjava.AppiumTest" name="IOSApp" time="0.005"/>
  <system-out/>
  <testcase classname="qaclickacademy.Mavenjava.AppiumTest" name="NativeAppAndroid" time="0.002"/>
  <system-out/>
</testsuite> <!-- qaclickacademy.Mavenjava.AppiumTest -->
