<?xml version="1.0" encoding="UTF-8"?>
<!-- Generated by org.testng.reporters.JUnitReportReporter -->
<testsuite hostname="Mac-mini-5.local" failures="0" tests="2" name="qaclickacademy.Mavenjava.AppiumTest" time="0.002" errors="0" timestamp="2022-02-28T08:53:23 NZDT" skipped="0">
  <testcase classname="qaclickacademy.Mavenjava.AppiumTest" name="NativeAppAndroid" time="0.001"/>
  <system-out/>
  <testcase classname="qaclickacademy.Mavenjava.AppiumTest" name="IOSApp" time="0.001"/>
  <system-out/>
</testsuite> <!-- qaclickacademy.Mavenjava.AppiumTest -->
